{"D:\\carlos\\proyectos\\TCS-challenge\\frontend\\tcs-challenge\\src\\app\\app.component.html": {"path":"D:\\carlos\\proyectos\\TCS-challenge\\frontend\\tcs-challenge\\src\\app\\app.component.html","statementMap":{"0":{"start":{"line":1,"column":0},"end":{"line":1,"column":249}}},"fnMap":{},"branchMap":{},"s":{"0":1},"f":{},"b":{},"_coverageSchema":"1a1c01bbd47fc00a2c39e90264f33305004495a9","hash":"dbfef965b076344fa190c513ccb8651c05c098de"}
,"D:\\carlos\\proyectos\\TCS-challenge\\frontend\\tcs-challenge\\src\\app\\app.component.ts": {"path":"D:\\carlos\\proyectos\\TCS-challenge\\frontend\\tcs-challenge\\src\\app\\app.component.ts","statementMap":{"0":{"start":{"line":1,"column":0},"end":{"line":1,"column":42}},"1":{"start":{"line":2,"column":0},"end":{"line":2,"column":61}},"2":{"start":{"line":10,"column":19},"end":{"line":10,"column":24}},"3":{"start":{"line":12,"column":22},"end":{"line":12,"column":48}},"4":{"start":{"line":16,"column":4},"end":{"line":18,"column":7}},"5":{"start":{"line":17,"column":6},"end":{"line":17,"column":34}},"6":{"start":{"line":22,"column":4},"end":{"line":22,"column":40}},"7":{"start":{"line":9,"column":13},"end":{"line":9,"column":25}},"8":{"start":{"line":9,"column":13},"end":{"line":24,"column":null}}},"fnMap":{"0":{"name":"(anonymous_0)","decl":{"start":{"line":12,"column":2},"end":{"line":12,"column":22}},"loc":{"start":{"line":12,"column":48},"end":{"line":12,"column":53}}},"1":{"name":"(anonymous_1)","decl":{"start":{"line":14,"column":2},"end":{"line":14,"column":10}},"loc":{"start":{"line":14,"column":10},"end":{"line":19,"column":3}}},"2":{"name":"(anonymous_2)","decl":{"start":{"line":16,"column":49},"end":{"line":16,"column":54}},"loc":{"start":{"line":16,"column":57},"end":{"line":18,"column":5}}},"3":{"name":"(anonymous_3)","decl":{"start":{"line":21,"column":2},"end":{"line":21,"column":17}},"loc":{"start":{"line":21,"column":17},"end":{"line":23,"column":3}}}},"branchMap":{},"s":{"0":1,"1":1,"2":2,"3":2,"4":1,"5":0,"6":0,"7":1,"8":1},"f":{"0":2,"1":1,"2":0,"3":0},"b":{}}
,"D:\\carlos\\proyectos\\TCS-challenge\\frontend\\tcs-challenge\\src\\app\\core\\services\\modal.service.ts": {"path":"D:\\carlos\\proyectos\\TCS-challenge\\frontend\\tcs-challenge\\src\\app\\core\\services\\modal.service.ts","statementMap":{"0":{"start":{"line":1,"column":0},"end":{"line":1,"column":43}},"1":{"start":{"line":2,"column":0},"end":{"line":2,"column":41}},"2":{"start":{"line":3,"column":0},"end":{"line":3,"column":43}},"3":{"start":{"line":17,"column":30},"end":{"line":17,"column":73}},"4":{"start":{"line":18,"column":30},"end":{"line":18,"column":67}},"5":{"start":{"line":21,"column":28},"end":{"line":21,"column":50}},"6":{"start":{"line":22,"column":28},"end":{"line":22,"column":63}},"7":{"start":{"line":24,"column":28},"end":{"line":24,"column":50}},"8":{"start":{"line":25,"column":26},"end":{"line":25,"column":45}},"9":{"start":{"line":28,"column":22},"end":{"line":28,"column":36}},"10":{"start":{"line":32,"column":4},"end":{"line":32,"column":38}},"11":{"start":{"line":34,"column":4},"end":{"line":43,"column":7}},"12":{"start":{"line":35,"column":18},"end":{"line":38,"column":8}},"13":{"start":{"line":36,"column":8},"end":{"line":36,"column":32}},"14":{"start":{"line":37,"column":8},"end":{"line":37,"column":28}},"15":{"start":{"line":40,"column":6},"end":{"line":42,"column":8}},"16":{"start":{"line":41,"column":8},"end":{"line":41,"column":26}},"17":{"start":{"line":48,"column":4},"end":{"line":48,"column":40}},"18":{"start":{"line":49,"column":4},"end":{"line":49,"column":38}},"19":{"start":{"line":54,"column":4},"end":{"line":54,"column":36}},"20":{"start":{"line":59,"column":4},"end":{"line":59,"column":37}},"21":{"start":{"line":60,"column":4},"end":{"line":60,"column":30}},"22":{"start":{"line":64,"column":4},"end":{"line":64,"column":36}},"23":{"start":{"line":66,"column":4},"end":{"line":70,"column":7}},"24":{"start":{"line":67,"column":6},"end":{"line":69,"column":9}},"25":{"start":{"line":68,"column":8},"end":{"line":68,"column":44}},"26":{"start":{"line":15,"column":13},"end":{"line":15,"column":25}},"27":{"start":{"line":15,"column":13},"end":{"line":72,"column":null}}},"fnMap":{"0":{"name":"(anonymous_0)","decl":{"start":{"line":28,"column":2},"end":{"line":28,"column":22}},"loc":{"start":{"line":28,"column":36},"end":{"line":28,"column":41}}},"1":{"name":"(anonymous_1)","decl":{"start":{"line":31,"column":9},"end":{"line":31,"column":30}},"loc":{"start":{"line":31,"column":58},"end":{"line":44,"column":3}}},"2":{"name":"(anonymous_2)","decl":{"start":{"line":34,"column":26},"end":{"line":34,"column":34}},"loc":{"start":{"line":34,"column":37},"end":{"line":43,"column":5}}},"3":{"name":"(anonymous_3)","decl":{"start":{"line":35,"column":49},"end":{"line":35,"column":57}},"loc":{"start":{"line":35,"column":60},"end":{"line":38,"column":7}}},"4":{"name":"(anonymous_4)","decl":{"start":{"line":40,"column":13},"end":{"line":40,"column":16}},"loc":{"start":{"line":40,"column":18},"end":{"line":42,"column":7}}},"5":{"name":"(anonymous_5)","decl":{"start":{"line":47,"column":9},"end":{"line":47,"column":31}},"loc":{"start":{"line":47,"column":49},"end":{"line":50,"column":3}}},"6":{"name":"(anonymous_6)","decl":{"start":{"line":53,"column":9},"end":{"line":53,"column":23}},"loc":{"start":{"line":53,"column":23},"end":{"line":55,"column":3}}},"7":{"name":"(anonymous_7)","decl":{"start":{"line":58,"column":9},"end":{"line":58,"column":24}},"loc":{"start":{"line":58,"column":24},"end":{"line":61,"column":3}}},"8":{"name":"(anonymous_8)","decl":{"start":{"line":63,"column":9},"end":{"line":63,"column":27}},"loc":{"start":{"line":63,"column":27},"end":{"line":71,"column":3}}},"9":{"name":"(anonymous_9)","decl":{"start":{"line":66,"column":33},"end":{"line":66,"column":36}},"loc":{"start":{"line":66,"column":38},"end":{"line":70,"column":5}}},"10":{"name":"(anonymous_10)","decl":{"start":{"line":67,"column":72},"end":{"line":67,"column":75}},"loc":{"start":{"line":67,"column":77},"end":{"line":69,"column":7}}}},"branchMap":{},"s":{"0":5,"1":5,"2":5,"3":4,"4":4,"5":4,"6":4,"7":4,"8":4,"9":4,"10":0,"11":0,"12":0,"13":0,"14":0,"15":0,"16":0,"17":0,"18":0,"19":0,"20":0,"21":0,"22":0,"23":0,"24":0,"25":0,"26":5,"27":5},"f":{"0":4,"1":0,"2":0,"3":0,"4":0,"5":0,"6":0,"7":0,"8":0,"9":0,"10":0},"b":{}}
,"D:\\carlos\\proyectos\\TCS-challenge\\frontend\\tcs-challenge\\src\\app\\core\\services\\product.service.ts": {"path":"D:\\carlos\\proyectos\\TCS-challenge\\frontend\\tcs-challenge\\src\\app\\core\\services\\product.service.ts","statementMap":{"0":{"start":{"line":1,"column":0},"end":{"line":1,"column":43}},"1":{"start":{"line":2,"column":0},"end":{"line":2,"column":68}},"2":{"start":{"line":3,"column":0},"end":{"line":3,"column":64}},"3":{"start":{"line":4,"column":0},"end":{"line":4,"column":69}},"4":{"start":{"line":16,"column":19},"end":{"line":16,"column":58}},"5":{"start":{"line":18,"column":22},"end":{"line":18,"column":38}},"6":{"start":{"line":22,"column":4},"end":{"line":27,"column":8}},"7":{"start":{"line":24,"column":24},"end":{"line":24,"column":37}},"8":{"start":{"line":32,"column":4},"end":{"line":36,"column":8}},"9":{"start":{"line":41,"column":4},"end":{"line":45,"column":8}},"10":{"start":{"line":50,"column":4},"end":{"line":54,"column":8}},"11":{"start":{"line":59,"column":4},"end":{"line":63,"column":8}},"12":{"start":{"line":68,"column":23},"end":{"line":68,"column":51}},"13":{"start":{"line":69,"column":4},"end":{"line":79,"column":5}},"14":{"start":{"line":71,"column":6},"end":{"line":71,"column":65}},"15":{"start":{"line":74,"column":6},"end":{"line":78,"column":7}},"16":{"start":{"line":75,"column":8},"end":{"line":75,"column":58}},"17":{"start":{"line":77,"column":8},"end":{"line":77,"column":101}},"18":{"start":{"line":80,"column":4},"end":{"line":80,"column":32}},"19":{"start":{"line":81,"column":4},"end":{"line":81,"column":53}},"20":{"start":{"line":81,"column":28},"end":{"line":81,"column":51}},"21":{"start":{"line":86,"column":4},"end":{"line":88,"column":7}},"22":{"start":{"line":87,"column":6},"end":{"line":87,"column":62}},"23":{"start":{"line":87,"column":35},"end":{"line":87,"column":62}},"24":{"start":{"line":14,"column":13},"end":{"line":14,"column":27}},"25":{"start":{"line":14,"column":13},"end":{"line":90,"column":null}}},"fnMap":{"0":{"name":"(anonymous_0)","decl":{"start":{"line":18,"column":2},"end":{"line":18,"column":22}},"loc":{"start":{"line":18,"column":38},"end":{"line":18,"column":43}}},"1":{"name":"(anonymous_1)","decl":{"start":{"line":21,"column":2},"end":{"line":21,"column":13}},"loc":{"start":{"line":21,"column":13},"end":{"line":28,"column":3}}},"2":{"name":"(anonymous_2)","decl":{"start":{"line":24,"column":12},"end":{"line":24,"column":20}},"loc":{"start":{"line":24,"column":24},"end":{"line":24,"column":37}}},"3":{"name":"(anonymous_3)","decl":{"start":{"line":31,"column":2},"end":{"line":31,"column":15}},"loc":{"start":{"line":31,"column":32},"end":{"line":37,"column":3}}},"4":{"name":"(anonymous_4)","decl":{"start":{"line":40,"column":2},"end":{"line":40,"column":15}},"loc":{"start":{"line":40,"column":44},"end":{"line":46,"column":3}}},"5":{"name":"(anonymous_5)","decl":{"start":{"line":49,"column":2},"end":{"line":49,"column":15}},"loc":{"start":{"line":49,"column":26},"end":{"line":55,"column":3}}},"6":{"name":"(anonymous_6)","decl":{"start":{"line":58,"column":2},"end":{"line":58,"column":17}},"loc":{"start":{"line":58,"column":28},"end":{"line":64,"column":3}}},"7":{"name":"(anonymous_7)","decl":{"start":{"line":67,"column":10},"end":{"line":67,"column":21}},"loc":{"start":{"line":67,"column":46},"end":{"line":82,"column":3}}},"8":{"name":"(anonymous_8)","decl":{"start":{"line":81,"column":22},"end":{"line":81,"column":25}},"loc":{"start":{"line":81,"column":28},"end":{"line":81,"column":51}}},"9":{"name":"(anonymous_9)","decl":{"start":{"line":85,"column":10},"end":{"line":85,"column":18}},"loc":{"start":{"line":85,"column":37},"end":{"line":89,"column":3}}},"10":{"name":"(anonymous_10)","decl":{"start":{"line":86,"column":18},"end":{"line":86,"column":22}},"loc":{"start":{"line":86,"column":25},"end":{"line":88,"column":5}}}},"branchMap":{"0":{"loc":{"start":{"line":69,"column":4},"end":{"line":79,"column":5}},"type":"if","locations":[{"start":{"line":69,"column":4},"end":{"line":79,"column":5}},{"start":{"line":72,"column":11},"end":{"line":79,"column":5}}]},"1":{"loc":{"start":{"line":74,"column":6},"end":{"line":78,"column":7}},"type":"if","locations":[{"start":{"line":74,"column":6},"end":{"line":78,"column":7}},{"start":{"line":76,"column":13},"end":{"line":78,"column":7}}]},"2":{"loc":{"start":{"line":87,"column":6},"end":{"line":87,"column":62}},"type":"if","locations":[{"start":{"line":87,"column":6},"end":{"line":87,"column":62}}]}},"s":{"0":3,"1":3,"2":3,"3":3,"4":10,"5":10,"6":2,"7":1,"8":2,"9":2,"10":2,"11":2,"12":5,"13":5,"14":0,"15":5,"16":2,"17":3,"18":5,"19":5,"20":5,"21":10,"22":5,"23":5,"24":3,"25":3},"f":{"0":10,"1":2,"2":1,"3":2,"4":2,"5":2,"6":2,"7":5,"8":5,"9":10,"10":5},"b":{"0":[0,5],"1":[2,3],"2":[5]}}
,"D:\\carlos\\proyectos\\TCS-challenge\\frontend\\tcs-challenge\\src\\app\\core\\validators\\date.validators.ts": {"path":"D:\\carlos\\proyectos\\TCS-challenge\\frontend\\tcs-challenge\\src\\app\\core\\validators\\date.validators.ts","statementMap":{"0":{"start":{"line":3,"column":0},"end":{"line":3,"column":16}},"1":{"start":{"line":16,"column":0},"end":{"line":16,"column":16}},"2":{"start":{"line":4,"column":2},"end":{"line":13,"column":4}},"3":{"start":{"line":5,"column":31},"end":{"line":5,"column":44}},"4":{"start":{"line":6,"column":4},"end":{"line":6,"column":41}},"5":{"start":{"line":6,"column":29},"end":{"line":6,"column":41}},"6":{"start":{"line":7,"column":31},"end":{"line":7,"column":72}},"7":{"start":{"line":8,"column":25},"end":{"line":8,"column":55}},"8":{"start":{"line":9,"column":18},"end":{"line":9,"column":28}},"9":{"start":{"line":10,"column":35},"end":{"line":10,"column":120}},"10":{"start":{"line":11,"column":28},"end":{"line":11,"column":92}},"11":{"start":{"line":12,"column":4},"end":{"line":12,"column":84}},"12":{"start":{"line":17,"column":2},"end":{"line":23,"column":4}},"13":{"start":{"line":18,"column":24},"end":{"line":18,"column":40}},"14":{"start":{"line":19,"column":4},"end":{"line":19,"column":34}},"15":{"start":{"line":19,"column":22},"end":{"line":19,"column":34}},"16":{"start":{"line":20,"column":25},"end":{"line":20,"column":46}},"17":{"start":{"line":21,"column":4},"end":{"line":21,"column":61}},"18":{"start":{"line":22,"column":4},"end":{"line":22,"column":105}}},"fnMap":{"0":{"name":"dateReleaseValidator","decl":{"start":{"line":3,"column":16},"end":{"line":3,"column":36}},"loc":{"start":{"line":3,"column":36},"end":{"line":14,"column":1}}},"1":{"name":"(anonymous_1)","decl":{"start":{"line":4,"column":9},"end":{"line":4,"column":10}},"loc":{"start":{"line":4,"column":63},"end":{"line":13,"column":3}}},"2":{"name":"dateRevisionValidator","decl":{"start":{"line":16,"column":16},"end":{"line":16,"column":37}},"loc":{"start":{"line":16,"column":73},"end":{"line":24,"column":1}}},"3":{"name":"(anonymous_3)","decl":{"start":{"line":17,"column":9},"end":{"line":17,"column":10}},"loc":{"start":{"line":17,"column":63},"end":{"line":23,"column":3}}}},"branchMap":{"0":{"loc":{"start":{"line":6,"column":4},"end":{"line":6,"column":41}},"type":"if","locations":[{"start":{"line":6,"column":4},"end":{"line":6,"column":41}}]},"1":{"loc":{"start":{"line":12,"column":11},"end":{"line":12,"column":83}},"type":"cond-expr","locations":[{"start":{"line":12,"column":55},"end":{"line":12,"column":59}},{"start":{"line":12,"column":62},"end":{"line":12,"column":83}}]},"2":{"loc":{"start":{"line":19,"column":4},"end":{"line":19,"column":34}},"type":"if","locations":[{"start":{"line":19,"column":4},"end":{"line":19,"column":34}}]},"3":{"loc":{"start":{"line":22,"column":11},"end":{"line":22,"column":104}},"type":"cond-expr","locations":[{"start":{"line":22,"column":75},"end":{"line":22,"column":79}},{"start":{"line":22,"column":82},"end":{"line":22,"column":104}}]}},"s":{"0":2,"1":2,"2":63,"3":131,"4":131,"5":118,"6":13,"7":13,"8":13,"9":13,"10":13,"11":13,"12":62,"13":10,"14":10,"15":3,"16":7,"17":7,"18":7},"f":{"0":63,"1":131,"2":62,"3":10},"b":{"0":[118],"1":[3,10],"2":[3],"3":[4,3]}}
,"D:\\carlos\\proyectos\\TCS-challenge\\frontend\\tcs-challenge\\src\\app\\products\\pages\\product-form\\product-form.component.html": {"path":"D:\\carlos\\proyectos\\TCS-challenge\\frontend\\tcs-challenge\\src\\app\\products\\pages\\product-form\\product-form.component.html","statementMap":{"0":{"start":{"line":1,"column":0},"end":{"line":1,"column":3634}}},"fnMap":{},"branchMap":{},"s":{"0":1},"f":{},"b":{},"_coverageSchema":"1a1c01bbd47fc00a2c39e90264f33305004495a9","hash":"ee95d33017b21d36177f757a61a12cd6afe86b32"}
,"D:\\carlos\\proyectos\\TCS-challenge\\frontend\\tcs-challenge\\src\\app\\products\\pages\\product-form\\product-form.component.ts": {"path":"D:\\carlos\\proyectos\\TCS-challenge\\frontend\\tcs-challenge\\src\\app\\products\\pages\\product-form\\product-form.component.ts","statementMap":{"0":{"start":{"line":1,"column":0},"end":{"line":1,"column":50}},"1":{"start":{"line":2,"column":0},"end":{"line":2,"column":121}},"2":{"start":{"line":3,"column":0},"end":{"line":3,"column":57}},"3":{"start":{"line":4,"column":0},"end":{"line":4,"column":127}},"4":{"start":{"line":5,"column":0},"end":{"line":5,"column":72}},"5":{"start":{"line":7,"column":0},"end":{"line":7,"column":103}},"6":{"start":{"line":8,"column":0},"end":{"line":8,"column":68}},"7":{"start":{"line":17,"column":15},"end":{"line":17,"column":20}},"8":{"start":{"line":18,"column":29},"end":{"line":18,"column":33}},"9":{"start":{"line":21,"column":75},"end":{"line":50,"column":4}},"10":{"start":{"line":53,"column":12},"end":{"line":53,"column":27}},"11":{"start":{"line":54,"column":12},"end":{"line":54,"column":42}},"12":{"start":{"line":55,"column":12},"end":{"line":55,"column":26}},"13":{"start":{"line":56,"column":12},"end":{"line":56,"column":33}},"14":{"start":{"line":57,"column":12},"end":{"line":57,"column":38}},"15":{"start":{"line":62,"column":23},"end":{"line":62,"column":55}},"16":{"start":{"line":63,"column":4},"end":{"line":63,"column":43}},"17":{"start":{"line":64,"column":4},"end":{"line":70,"column":5}},"18":{"start":{"line":65,"column":6},"end":{"line":65,"column":62}},"19":{"start":{"line":66,"column":6},"end":{"line":69,"column":7}},"20":{"start":{"line":67,"column":8},"end":{"line":67,"column":44}},"21":{"start":{"line":68,"column":8},"end":{"line":68,"column":15}},"22":{"start":{"line":71,"column":4},"end":{"line":71,"column":20}},"23":{"start":{"line":75,"column":4},"end":{"line":107,"column":7}},"24":{"start":{"line":106,"column":58},"end":{"line":106,"column":101}},"25":{"start":{"line":109,"column":4},"end":{"line":128,"column":5}},"26":{"start":{"line":110,"column":6},"end":{"line":110,"column":44}},"27":{"start":{"line":111,"column":6},"end":{"line":127,"column":9}},"28":{"start":{"line":113,"column":32},"end":{"line":113,"column":82}},"29":{"start":{"line":113,"column":58},"end":{"line":113,"column":81}},"30":{"start":{"line":114,"column":10},"end":{"line":123,"column":11}},"31":{"start":{"line":115,"column":37},"end":{"line":115,"column":57}},"32":{"start":{"line":118,"column":12},"end":{"line":118,"column":88}},"33":{"start":{"line":119,"column":12},"end":{"line":119,"column":90}},"34":{"start":{"line":120,"column":12},"end":{"line":120,"column":58}},"35":{"start":{"line":122,"column":12},"end":{"line":122,"column":48}},"36":{"start":{"line":125,"column":10},"end":{"line":125,"column":49}},"37":{"start":{"line":130,"column":4},"end":{"line":132,"column":7}},"38":{"start":{"line":131,"column":6},"end":{"line":131,"column":37}},"39":{"start":{"line":138,"column":4},"end":{"line":166,"column":6}},"40":{"start":{"line":139,"column":6},"end":{"line":141,"column":7}},"41":{"start":{"line":140,"column":8},"end":{"line":140,"column":24}},"42":{"start":{"line":143,"column":6},"end":{"line":145,"column":7}},"43":{"start":{"line":144,"column":8},"end":{"line":144,"column":24}},"44":{"start":{"line":147,"column":6},"end":{"line":165,"column":8}},"45":{"start":{"line":149,"column":34},"end":{"line":149,"column":41}},"46":{"start":{"line":153,"column":10},"end":{"line":155,"column":11}},"47":{"start":{"line":154,"column":12},"end":{"line":154,"column":28}},"48":{"start":{"line":156,"column":10},"end":{"line":162,"column":12}},"49":{"start":{"line":157,"column":26},"end":{"line":157,"column":60}},"50":{"start":{"line":159,"column":14},"end":{"line":159,"column":53}},"51":{"start":{"line":160,"column":14},"end":{"line":160,"column":30}},"52":{"start":{"line":171,"column":4},"end":{"line":175,"column":5}},"53":{"start":{"line":172,"column":19},"end":{"line":172,"column":40}},"54":{"start":{"line":173,"column":6},"end":{"line":173,"column":47}},"55":{"start":{"line":174,"column":6},"end":{"line":174,"column":91}},"56":{"start":{"line":179,"column":4},"end":{"line":204,"column":5}},"57":{"start":{"line":180,"column":24},"end":{"line":180,"column":54}},"58":{"start":{"line":183,"column":31},"end":{"line":187,"column":8}},"59":{"start":{"line":189,"column":6},"end":{"line":203,"column":7}},"60":{"start":{"line":190,"column":8},"end":{"line":195,"column":11}},"61":{"start":{"line":191,"column":22},"end":{"line":191,"column":57}},"62":{"start":{"line":193,"column":12},"end":{"line":193,"column":51}},"63":{"start":{"line":197,"column":8},"end":{"line":202,"column":11}},"64":{"start":{"line":198,"column":22},"end":{"line":198,"column":57}},"65":{"start":{"line":200,"column":12},"end":{"line":200,"column":51}},"66":{"start":{"line":208,"column":4},"end":{"line":208,"column":29}},"67":{"start":{"line":212,"column":20},"end":{"line":212,"column":53}},"68":{"start":{"line":213,"column":4},"end":{"line":213,"column":80}},"69":{"start":{"line":217,"column":20},"end":{"line":217,"column":53}},"70":{"start":{"line":218,"column":4},"end":{"line":226,"column":5}},"71":{"start":{"line":219,"column":21},"end":{"line":219,"column":35}},"72":{"start":{"line":220,"column":23},"end":{"line":220,"column":54}},"73":{"start":{"line":221,"column":6},"end":{"line":225,"column":7}},"74":{"start":{"line":222,"column":8},"end":{"line":224,"column":9}},"75":{"start":{"line":223,"column":10},"end":{"line":223,"column":31}},"76":{"start":{"line":227,"column":4},"end":{"line":227,"column":16}},"77":{"start":{"line":231,"column":14},"end":{"line":231,"column":28}},"78":{"start":{"line":232,"column":16},"end":{"line":232,"column":42}},"79":{"start":{"line":233,"column":14},"end":{"line":233,"column":33}},"80":{"start":{"line":234,"column":17},"end":{"line":234,"column":35}},"81":{"start":{"line":236,"column":4},"end":{"line":238,"column":5}},"82":{"start":{"line":237,"column":6},"end":{"line":237,"column":26}},"83":{"start":{"line":239,"column":4},"end":{"line":241,"column":5}},"84":{"start":{"line":240,"column":6},"end":{"line":240,"column":22}},"85":{"start":{"line":243,"column":4},"end":{"line":243,"column":40}},"86":{"start":{"line":247,"column":4},"end":{"line":247,"column":57}},"87":{"start":{"line":250,"column":4},"end":{"line":250,"column":59}},"88":{"start":{"line":15,"column":13},"end":{"line":15,"column":33}},"89":{"start":{"line":15,"column":13},"end":{"line":252,"column":null}}},"fnMap":{"0":{"name":"(anonymous_0)","decl":{"start":{"line":52,"column":2},"end":{"line":52,"column":null}},"loc":{"start":{"line":57,"column":38},"end":{"line":59,"column":7}}},"1":{"name":"(anonymous_1)","decl":{"start":{"line":61,"column":2},"end":{"line":61,"column":10}},"loc":{"start":{"line":61,"column":10},"end":{"line":72,"column":3}}},"2":{"name":"(anonymous_2)","decl":{"start":{"line":74,"column":2},"end":{"line":74,"column":10}},"loc":{"start":{"line":74,"column":10},"end":{"line":133,"column":3}}},"3":{"name":"(anonymous_3)","decl":{"start":{"line":106,"column":52},"end":{"line":106,"column":55}},"loc":{"start":{"line":106,"column":58},"end":{"line":106,"column":101}}},"4":{"name":"(anonymous_4)","decl":{"start":{"line":112,"column":14},"end":{"line":112,"column":15}},"loc":{"start":{"line":112,"column":32},"end":{"line":124,"column":9}}},"5":{"name":"(anonymous_5)","decl":{"start":{"line":113,"column":46},"end":{"line":113,"column":47}},"loc":{"start":{"line":113,"column":58},"end":{"line":113,"column":81}}},"6":{"name":"(anonymous_6)","decl":{"start":{"line":124,"column":18},"end":{"line":124,"column":19}},"loc":{"start":{"line":124,"column":26},"end":{"line":126,"column":9}}},"7":{"name":"(anonymous_7)","decl":{"start":{"line":130,"column":65},"end":{"line":130,"column":70}},"loc":{"start":{"line":130,"column":73},"end":{"line":132,"column":5}}},"8":{"name":"(anonymous_8)","decl":{"start":{"line":137,"column":2},"end":{"line":137,"column":13}},"loc":{"start":{"line":137,"column":13},"end":{"line":167,"column":3}}},"9":{"name":"(anonymous_9)","decl":{"start":{"line":138,"column":11},"end":{"line":138,"column":12}},"loc":{"start":{"line":138,"column":77},"end":{"line":166,"column":5}}},"10":{"name":"(anonymous_10)","decl":{"start":{"line":149,"column":15},"end":{"line":149,"column":16}},"loc":{"start":{"line":149,"column":34},"end":{"line":149,"column":41}}},"11":{"name":"(anonymous_11)","decl":{"start":{"line":152,"column":18},"end":{"line":152,"column":20}},"loc":{"start":{"line":152,"column":23},"end":{"line":163,"column":9}}},"12":{"name":"(anonymous_12)","decl":{"start":{"line":157,"column":16},"end":{"line":157,"column":22}},"loc":{"start":{"line":157,"column":26},"end":{"line":157,"column":60}}},"13":{"name":"(anonymous_13)","decl":{"start":{"line":158,"column":23},"end":{"line":158,"column":26}},"loc":{"start":{"line":158,"column":29},"end":{"line":161,"column":13}}},"14":{"name":"(anonymous_14)","decl":{"start":{"line":170,"column":2},"end":{"line":170,"column":20}},"loc":{"start":{"line":170,"column":40},"end":{"line":176,"column":3}}},"15":{"name":"(anonymous_15)","decl":{"start":{"line":178,"column":2},"end":{"line":178,"column":10}},"loc":{"start":{"line":178,"column":10},"end":{"line":205,"column":3}}},"16":{"name":"(anonymous_16)","decl":{"start":{"line":191,"column":16},"end":{"line":191,"column":19}},"loc":{"start":{"line":191,"column":22},"end":{"line":191,"column":57}}},"17":{"name":"(anonymous_17)","decl":{"start":{"line":192,"column":17},"end":{"line":192,"column":18}},"loc":{"start":{"line":192,"column":25},"end":{"line":194,"column":11}}},"18":{"name":"(anonymous_18)","decl":{"start":{"line":198,"column":16},"end":{"line":198,"column":19}},"loc":{"start":{"line":198,"column":22},"end":{"line":198,"column":57}}},"19":{"name":"(anonymous_19)","decl":{"start":{"line":199,"column":17},"end":{"line":199,"column":18}},"loc":{"start":{"line":199,"column":25},"end":{"line":201,"column":11}}},"20":{"name":"(anonymous_20)","decl":{"start":{"line":207,"column":2},"end":{"line":207,"column":9}},"loc":{"start":{"line":207,"column":9},"end":{"line":209,"column":3}}},"21":{"name":"(anonymous_21)","decl":{"start":{"line":211,"column":2},"end":{"line":211,"column":11}},"loc":{"start":{"line":211,"column":31},"end":{"line":214,"column":3}}},"22":{"name":"(anonymous_22)","decl":{"start":{"line":216,"column":2},"end":{"line":216,"column":17}},"loc":{"start":{"line":216,"column":37},"end":{"line":228,"column":3}}},"23":{"name":"(anonymous_23)","decl":{"start":{"line":230,"column":2},"end":{"line":230,"column":12}},"loc":{"start":{"line":230,"column":25},"end":{"line":244,"column":3}}},"24":{"name":"(anonymous_24)","decl":{"start":{"line":246,"column":2},"end":{"line":246,"column":6}},"loc":{"start":{"line":246,"column":8},"end":{"line":248,"column":3}}},"25":{"name":"(anonymous_25)","decl":{"start":{"line":249,"column":2},"end":{"line":249,"column":6}},"loc":{"start":{"line":249,"column":10},"end":{"line":251,"column":3}}}},"branchMap":{"0":{"loc":{"start":{"line":64,"column":4},"end":{"line":70,"column":5}},"type":"if","locations":[{"start":{"line":64,"column":4},"end":{"line":70,"column":5}}]},"1":{"loc":{"start":{"line":66,"column":6},"end":{"line":69,"column":7}},"type":"if","locations":[{"start":{"line":66,"column":6},"end":{"line":69,"column":7}}]},"2":{"loc":{"start":{"line":82,"column":25},"end":{"line":82,"column":81}},"type":"cond-expr","locations":[{"start":{"line":82,"column":43},"end":{"line":82,"column":47}},{"start":{"line":82,"column":50},"end":{"line":82,"column":81}}]},"3":{"loc":{"start":{"line":99,"column":25},"end":{"line":101,"column":53}},"type":"cond-expr","locations":[{"start":{"line":100,"column":8},"end":{"line":100,"column":29}},{"start":{"line":101,"column":8},"end":{"line":101,"column":53}}]},"4":{"loc":{"start":{"line":104,"column":53},"end":{"line":106,"column":103}},"type":"cond-expr","locations":[{"start":{"line":105,"column":8},"end":{"line":105,"column":29}},{"start":{"line":106,"column":8},"end":{"line":106,"column":103}}]},"5":{"loc":{"start":{"line":109,"column":4},"end":{"line":128,"column":5}},"type":"if","locations":[{"start":{"line":109,"column":4},"end":{"line":128,"column":5}}]},"6":{"loc":{"start":{"line":114,"column":10},"end":{"line":123,"column":11}},"type":"if","locations":[{"start":{"line":114,"column":10},"end":{"line":123,"column":11}},{"start":{"line":121,"column":17},"end":{"line":123,"column":11}}]},"7":{"loc":{"start":{"line":139,"column":6},"end":{"line":141,"column":7}},"type":"if","locations":[{"start":{"line":139,"column":6},"end":{"line":141,"column":7}}]},"8":{"loc":{"start":{"line":139,"column":10},"end":{"line":139,"column":45}},"type":"binary-expr","locations":[{"start":{"line":139,"column":10},"end":{"line":139,"column":25}},{"start":{"line":139,"column":29},"end":{"line":139,"column":45}}]},"9":{"loc":{"start":{"line":143,"column":6},"end":{"line":145,"column":7}},"type":"if","locations":[{"start":{"line":143,"column":6},"end":{"line":145,"column":7}}]},"10":{"loc":{"start":{"line":153,"column":10},"end":{"line":155,"column":11}},"type":"if","locations":[{"start":{"line":153,"column":10},"end":{"line":155,"column":11}}]},"11":{"loc":{"start":{"line":157,"column":26},"end":{"line":157,"column":60}},"type":"cond-expr","locations":[{"start":{"line":157,"column":35},"end":{"line":157,"column":53}},{"start":{"line":157,"column":56},"end":{"line":157,"column":60}}]},"12":{"loc":{"start":{"line":171,"column":4},"end":{"line":175,"column":5}},"type":"if","locations":[{"start":{"line":171,"column":4},"end":{"line":175,"column":5}}]},"13":{"loc":{"start":{"line":179,"column":4},"end":{"line":204,"column":5}},"type":"if","locations":[{"start":{"line":179,"column":4},"end":{"line":204,"column":5}}]},"14":{"loc":{"start":{"line":189,"column":6},"end":{"line":203,"column":7}},"type":"if","locations":[{"start":{"line":189,"column":6},"end":{"line":203,"column":7}},{"start":{"line":196,"column":13},"end":{"line":203,"column":7}}]},"15":{"loc":{"start":{"line":213,"column":14},"end":{"line":213,"column":78}},"type":"binary-expr","locations":[{"start":{"line":213,"column":14},"end":{"line":213,"column":21}},{"start":{"line":213,"column":25},"end":{"line":213,"column":40}},{"start":{"line":213,"column":45},"end":{"line":213,"column":58}},{"start":{"line":213,"column":62},"end":{"line":213,"column":77}}]},"16":{"loc":{"start":{"line":218,"column":4},"end":{"line":226,"column":5}},"type":"if","locations":[{"start":{"line":218,"column":4},"end":{"line":226,"column":5}}]},"17":{"loc":{"start":{"line":218,"column":8},"end":{"line":218,"column":71}},"type":"binary-expr","locations":[{"start":{"line":218,"column":8},"end":{"line":218,"column":15}},{"start":{"line":218,"column":19},"end":{"line":218,"column":33}},{"start":{"line":218,"column":38},"end":{"line":218,"column":51}},{"start":{"line":218,"column":55},"end":{"line":218,"column":70}}]},"18":{"loc":{"start":{"line":222,"column":8},"end":{"line":224,"column":9}},"type":"if","locations":[{"start":{"line":222,"column":8},"end":{"line":224,"column":9}}]},"19":{"loc":{"start":{"line":236,"column":4},"end":{"line":238,"column":5}},"type":"if","locations":[{"start":{"line":236,"column":4},"end":{"line":238,"column":5}}]},"20":{"loc":{"start":{"line":239,"column":4},"end":{"line":241,"column":5}},"type":"if","locations":[{"start":{"line":239,"column":4},"end":{"line":241,"column":5}}]}},"s":{"0":1,"1":1,"2":1,"3":1,"4":1,"5":1,"6":1,"7":35,"8":35,"9":35,"10":35,"11":35,"12":35,"13":35,"14":35,"15":65,"16":65,"17":65,"18":7,"19":7,"20":2,"21":2,"22":63,"23":63,"24":6,"25":63,"26":5,"27":5,"28":5,"29":3,"30":5,"31":3,"32":3,"33":3,"34":3,"35":2,"36":0,"37":63,"38":12,"39":58,"40":7,"41":1,"42":6,"43":0,"44":6,"45":12,"46":5,"47":0,"48":5,"49":5,"50":0,"51":0,"52":12,"53":10,"54":10,"55":10,"56":4,"57":3,"58":3,"59":3,"60":2,"61":1,"62":1,"63":1,"64":0,"65":1,"66":1,"67":1587,"68":1587,"69":21,"70":21,"71":19,"72":19,"73":19,"74":19,"75":19,"76":2,"77":7,"78":7,"79":7,"80":7,"81":7,"82":7,"83":7,"84":7,"85":7,"86":0,"87":0,"88":1,"89":1},"f":{"0":35,"1":65,"2":63,"3":6,"4":5,"5":3,"6":0,"7":12,"8":58,"9":7,"10":12,"11":5,"12":5,"13":0,"14":12,"15":4,"16":1,"17":1,"18":0,"19":1,"20":1,"21":1587,"22":21,"23":7,"24":0,"25":0},"b":{"0":[7],"1":[2],"2":[5,58],"3":[5,58],"4":[5,58],"5":[5],"6":[3,2],"7":[1],"8":[7,6],"9":[0],"10":[0],"11":[0,5],"12":[10],"13":[3],"14":[2,1],"15":[1587,1587,907,902],"16":[19],"17":[21,21,19,17],"18":[19],"19":[7],"20":[7]}}
,"D:\\carlos\\proyectos\\TCS-challenge\\frontend\\tcs-challenge\\src\\app\\products\\pages\\product-list\\product-list.component.html": {"path":"D:\\carlos\\proyectos\\TCS-challenge\\frontend\\tcs-challenge\\src\\app\\products\\pages\\product-list\\product-list.component.html","statementMap":{"0":{"start":{"line":1,"column":0},"end":{"line":1,"column":2720}}},"fnMap":{},"branchMap":{},"s":{"0":1},"f":{},"b":{},"_coverageSchema":"1a1c01bbd47fc00a2c39e90264f33305004495a9","hash":"1e65d47a5485dfd2539a363ccbd1dbad965eb9fd"}
,"D:\\carlos\\proyectos\\TCS-challenge\\frontend\\tcs-challenge\\src\\app\\products\\pages\\product-list\\product-list.component.ts": {"path":"D:\\carlos\\proyectos\\TCS-challenge\\frontend\\tcs-challenge\\src\\app\\products\\pages\\product-list\\product-list.component.ts","statementMap":{"0":{"start":{"line":1,"column":0},"end":{"line":1,"column":50}},"1":{"start":{"line":3,"column":0},"end":{"line":3,"column":72}},"2":{"start":{"line":4,"column":0},"end":{"line":4,"column":41}},"3":{"start":{"line":5,"column":0},"end":{"line":5,"column":68}},"4":{"start":{"line":13,"column":24},"end":{"line":13,"column":26}},"5":{"start":{"line":14,"column":32},"end":{"line":14,"column":34}},"6":{"start":{"line":15,"column":33},"end":{"line":15,"column":35}},"7":{"start":{"line":16,"column":23},"end":{"line":16,"column":25}},"8":{"start":{"line":17,"column":21},"end":{"line":17,"column":22}},"9":{"start":{"line":20,"column":14},"end":{"line":20,"column":18}},"10":{"start":{"line":23,"column":12},"end":{"line":23,"column":42}},"11":{"start":{"line":24,"column":12},"end":{"line":24,"column":26}},"12":{"start":{"line":25,"column":12},"end":{"line":25,"column":38}},"13":{"start":{"line":29,"column":4},"end":{"line":29,"column":24}},"14":{"start":{"line":33,"column":4},"end":{"line":33,"column":26}},"15":{"start":{"line":34,"column":4},"end":{"line":44,"column":7}},"16":{"start":{"line":36,"column":8},"end":{"line":36,"column":29}},"17":{"start":{"line":37,"column":8},"end":{"line":37,"column":40}},"18":{"start":{"line":38,"column":8},"end":{"line":38,"column":31}},"19":{"start":{"line":41,"column":8},"end":{"line":41,"column":47}},"20":{"start":{"line":42,"column":8},"end":{"line":42,"column":31}},"21":{"start":{"line":49,"column":4},"end":{"line":52,"column":6}},"22":{"start":{"line":50,"column":6},"end":{"line":51,"column":73}},"23":{"start":{"line":54,"column":4},"end":{"line":54,"column":75}},"24":{"start":{"line":58,"column":4},"end":{"line":58,"column":44}},"25":{"start":{"line":62,"column":4},"end":{"line":62,"column":57}},"26":{"start":{"line":66,"column":4},"end":{"line":71,"column":7}},"27":{"start":{"line":67,"column":18},"end":{"line":67,"column":37}},"28":{"start":{"line":69,"column":8},"end":{"line":69,"column":47}},"29":{"start":{"line":75,"column":4},"end":{"line":75,"column":84}},"30":{"start":{"line":79,"column":12},"end":{"line":82,"column":4}},"31":{"start":{"line":85,"column":4},"end":{"line":89,"column":5}},"32":{"start":{"line":86,"column":6},"end":{"line":86,"column":32}},"33":{"start":{"line":87,"column":11},"end":{"line":89,"column":5}},"34":{"start":{"line":88,"column":6},"end":{"line":88,"column":36}},"35":{"start":{"line":12,"column":13},"end":{"line":12,"column":33}},"36":{"start":{"line":12,"column":13},"end":{"line":91,"column":null}}},"fnMap":{"0":{"name":"(anonymous_0)","decl":{"start":{"line":22,"column":2},"end":{"line":22,"column":null}},"loc":{"start":{"line":25,"column":38},"end":{"line":26,"column":7}}},"1":{"name":"(anonymous_1)","decl":{"start":{"line":28,"column":2},"end":{"line":28,"column":10}},"loc":{"start":{"line":28,"column":10},"end":{"line":30,"column":3}}},"2":{"name":"(anonymous_2)","decl":{"start":{"line":32,"column":2},"end":{"line":32,"column":14}},"loc":{"start":{"line":32,"column":14},"end":{"line":45,"column":3}}},"3":{"name":"(anonymous_3)","decl":{"start":{"line":35,"column":12},"end":{"line":35,"column":13}},"loc":{"start":{"line":35,"column":21},"end":{"line":39,"column":7}}},"4":{"name":"(anonymous_4)","decl":{"start":{"line":40,"column":13},"end":{"line":40,"column":14}},"loc":{"start":{"line":40,"column":21},"end":{"line":43,"column":7}}},"5":{"name":"(anonymous_5)","decl":{"start":{"line":47,"column":2},"end":{"line":47,"column":26}},"loc":{"start":{"line":47,"column":26},"end":{"line":55,"column":3}}},"6":{"name":"(anonymous_6)","decl":{"start":{"line":49,"column":49},"end":{"line":49,"column":50}},"loc":{"start":{"line":50,"column":6},"end":{"line":51,"column":73}}},"7":{"name":"(anonymous_7)","decl":{"start":{"line":57,"column":2},"end":{"line":57,"column":16}},"loc":{"start":{"line":57,"column":16},"end":{"line":59,"column":3}}},"8":{"name":"(anonymous_8)","decl":{"start":{"line":61,"column":2},"end":{"line":61,"column":13}},"loc":{"start":{"line":61,"column":30},"end":{"line":63,"column":3}}},"9":{"name":"(anonymous_9)","decl":{"start":{"line":65,"column":2},"end":{"line":65,"column":15}},"loc":{"start":{"line":65,"column":33},"end":{"line":72,"column":3}}},"10":{"name":"(anonymous_10)","decl":{"start":{"line":67,"column":12},"end":{"line":67,"column":15}},"loc":{"start":{"line":67,"column":18},"end":{"line":67,"column":37}}},"11":{"name":"(anonymous_11)","decl":{"start":{"line":68,"column":13},"end":{"line":68,"column":14}},"loc":{"start":{"line":68,"column":21},"end":{"line":70,"column":7}}},"12":{"name":"(anonymous_12)","decl":{"start":{"line":74,"column":2},"end":{"line":74,"column":17}},"loc":{"start":{"line":74,"column":34},"end":{"line":76,"column":3}}},"13":{"name":"(anonymous_13)","decl":{"start":{"line":84,"column":2},"end":{"line":84,"column":18}},"loc":{"start":{"line":84,"column":48},"end":{"line":90,"column":3}}}},"branchMap":{"0":{"loc":{"start":{"line":50,"column":6},"end":{"line":51,"column":73}},"type":"binary-expr","locations":[{"start":{"line":50,"column":6},"end":{"line":50,"column":66}},{"start":{"line":51,"column":6},"end":{"line":51,"column":73}}]},"1":{"loc":{"start":{"line":85,"column":4},"end":{"line":89,"column":5}},"type":"if","locations":[{"start":{"line":85,"column":4},"end":{"line":89,"column":5}},{"start":{"line":87,"column":11},"end":{"line":89,"column":5}}]},"2":{"loc":{"start":{"line":87,"column":11},"end":{"line":89,"column":5}},"type":"if","locations":[{"start":{"line":87,"column":11},"end":{"line":89,"column":5}}]}},"s":{"0":1,"1":1,"2":1,"3":1,"4":9,"5":9,"6":9,"7":9,"8":9,"9":9,"10":9,"11":9,"12":9,"13":11,"14":12,"15":12,"16":11,"17":11,"18":11,"19":1,"20":1,"21":13,"22":39,"23":13,"24":1,"25":1,"26":1,"27":1,"28":0,"29":1,"30":9,"31":2,"32":1,"33":1,"34":1,"35":1,"36":1},"f":{"0":9,"1":11,"2":12,"3":11,"4":1,"5":13,"6":39,"7":1,"8":1,"9":1,"10":1,"11":0,"12":1,"13":2},"b":{"0":[39,0],"1":[1,1],"2":[1]}}
,"D:\\carlos\\proyectos\\TCS-challenge\\frontend\\tcs-challenge\\src\\app\\shared\\components\\confirmation-modal\\confirmation-modal.component.html": {"path":"D:\\carlos\\proyectos\\TCS-challenge\\frontend\\tcs-challenge\\src\\app\\shared\\components\\confirmation-modal\\confirmation-modal.component.html","statementMap":{"0":{"start":{"line":1,"column":0},"end":{"line":1,"column":559}}},"fnMap":{},"branchMap":{},"s":{"0":1},"f":{},"b":{},"_coverageSchema":"1a1c01bbd47fc00a2c39e90264f33305004495a9","hash":"3d18bf89869b4e87d34f01c11fb6b2a7f807961d"}
,"D:\\carlos\\proyectos\\TCS-challenge\\frontend\\tcs-challenge\\src\\app\\shared\\components\\confirmation-modal\\confirmation-modal.component.ts": {"path":"D:\\carlos\\proyectos\\TCS-challenge\\frontend\\tcs-challenge\\src\\app\\shared\\components\\confirmation-modal\\confirmation-modal.component.ts","statementMap":{"0":{"start":{"line":1,"column":0},"end":{"line":1,"column":64}},"1":{"start":{"line":3,"column":0},"end":{"line":3,"column":68}},"2":{"start":{"line":11,"column":14},"end":{"line":11,"column":19}},"3":{"start":{"line":12,"column":24},"end":{"line":12,"column":26}},"4":{"start":{"line":13,"column":22},"end":{"line":13,"column":24}},"5":{"start":{"line":16,"column":24},"end":{"line":16,"column":50}},"6":{"start":{"line":18,"column":22},"end":{"line":18,"column":48}},"7":{"start":{"line":21,"column":4},"end":{"line":29,"column":7}},"8":{"start":{"line":22,"column":6},"end":{"line":28,"column":7}},"9":{"start":{"line":23,"column":8},"end":{"line":23,"column":37}},"10":{"start":{"line":24,"column":8},"end":{"line":24,"column":33}},"11":{"start":{"line":25,"column":8},"end":{"line":25,"column":30}},"12":{"start":{"line":27,"column":8},"end":{"line":27,"column":31}},"13":{"start":{"line":33,"column":4},"end":{"line":35,"column":5}},"14":{"start":{"line":34,"column":6},"end":{"line":34,"column":38}},"15":{"start":{"line":39,"column":4},"end":{"line":39,"column":52}},"16":{"start":{"line":43,"column":4},"end":{"line":43,"column":40}},"17":{"start":{"line":44,"column":4},"end":{"line":44,"column":52}},"18":{"start":{"line":10,"column":13},"end":{"line":10,"column":39}},"19":{"start":{"line":10,"column":13},"end":{"line":46,"column":null}}},"fnMap":{"0":{"name":"(anonymous_0)","decl":{"start":{"line":18,"column":2},"end":{"line":18,"column":22}},"loc":{"start":{"line":18,"column":48},"end":{"line":18,"column":53}}},"1":{"name":"(anonymous_1)","decl":{"start":{"line":20,"column":2},"end":{"line":20,"column":10}},"loc":{"start":{"line":20,"column":10},"end":{"line":30,"column":3}}},"2":{"name":"(anonymous_2)","decl":{"start":{"line":21,"column":71},"end":{"line":21,"column":75}},"loc":{"start":{"line":21,"column":78},"end":{"line":29,"column":5}}},"3":{"name":"(anonymous_3)","decl":{"start":{"line":32,"column":2},"end":{"line":32,"column":13}},"loc":{"start":{"line":32,"column":13},"end":{"line":36,"column":3}}},"4":{"name":"(anonymous_4)","decl":{"start":{"line":38,"column":2},"end":{"line":38,"column":12}},"loc":{"start":{"line":38,"column":12},"end":{"line":40,"column":3}}},"5":{"name":"(anonymous_5)","decl":{"start":{"line":42,"column":2},"end":{"line":42,"column":15}},"loc":{"start":{"line":42,"column":15},"end":{"line":45,"column":3}}}},"branchMap":{"0":{"loc":{"start":{"line":22,"column":6},"end":{"line":28,"column":7}},"type":"if","locations":[{"start":{"line":22,"column":6},"end":{"line":28,"column":7}},{"start":{"line":26,"column":13},"end":{"line":28,"column":7}}]},"1":{"loc":{"start":{"line":33,"column":4},"end":{"line":35,"column":5}},"type":"if","locations":[{"start":{"line":33,"column":4},"end":{"line":35,"column":5}}]}},"s":{"0":1,"1":1,"2":1,"3":1,"4":1,"5":1,"6":1,"7":1,"8":0,"9":0,"10":0,"11":0,"12":0,"13":1,"14":1,"15":0,"16":0,"17":0,"18":1,"19":1},"f":{"0":1,"1":1,"2":0,"3":1,"4":0,"5":0},"b":{"0":[0,0],"1":[1]}}
,"D:\\carlos\\proyectos\\TCS-challenge\\frontend\\tcs-challenge\\src\\app\\shared\\components\\error-modal\\error-modal.component.html": {"path":"D:\\carlos\\proyectos\\TCS-challenge\\frontend\\tcs-challenge\\src\\app\\shared\\components\\error-modal\\error-modal.component.html","statementMap":{"0":{"start":{"line":1,"column":0},"end":{"line":1,"column":620}}},"fnMap":{},"branchMap":{},"s":{"0":1},"f":{},"b":{},"_coverageSchema":"1a1c01bbd47fc00a2c39e90264f33305004495a9","hash":"69f4cf4c901f552607305e08108e41a270eadc6d"}
,"D:\\carlos\\proyectos\\TCS-challenge\\frontend\\tcs-challenge\\src\\app\\shared\\components\\error-modal\\error-modal.component.ts": {"path":"D:\\carlos\\proyectos\\TCS-challenge\\frontend\\tcs-challenge\\src\\app\\shared\\components\\error-modal\\error-modal.component.ts","statementMap":{"0":{"start":{"line":1,"column":0},"end":{"line":1,"column":64}},"1":{"start":{"line":10,"column":25},"end":{"line":10,"column":49}},"2":{"start":{"line":13,"column":4},"end":{"line":13,"column":27}},"3":{"start":{"line":8,"column":13},"end":{"line":8,"column":32}},"4":{"start":{"line":8,"column":13},"end":{"line":16,"column":null}}},"fnMap":{"0":{"name":"(anonymous_0)","decl":{"start":{"line":12,"column":2},"end":{"line":12,"column":14}},"loc":{"start":{"line":12,"column":14},"end":{"line":14,"column":3}}}},"branchMap":{},"s":{"0":1,"1":1,"2":0,"3":1,"4":1},"f":{"0":0},"b":{}}
,"D:\\carlos\\proyectos\\TCS-challenge\\frontend\\tcs-challenge\\src\\app\\shared\\components\\header\\header.component.html": {"path":"D:\\carlos\\proyectos\\TCS-challenge\\frontend\\tcs-challenge\\src\\app\\shared\\components\\header\\header.component.html","statementMap":{"0":{"start":{"line":1,"column":0},"end":{"line":1,"column":176}}},"fnMap":{},"branchMap":{},"s":{"0":1},"f":{},"b":{},"_coverageSchema":"1a1c01bbd47fc00a2c39e90264f33305004495a9","hash":"34cec2d33f5438cf09160ced9f0545e88a0f7b74"}
,"D:\\carlos\\proyectos\\TCS-challenge\\frontend\\tcs-challenge\\src\\app\\shared\\components\\header\\header.component.ts": {"path":"D:\\carlos\\proyectos\\TCS-challenge\\frontend\\tcs-challenge\\src\\app\\shared\\components\\header\\header.component.ts","statementMap":{"0":{"start":{"line":1,"column":0},"end":{"line":1,"column":49}},"1":{"start":{"line":10,"column":27},"end":{"line":10,"column":29}},"2":{"start":{"line":8,"column":13},"end":{"line":8,"column":28}},"3":{"start":{"line":8,"column":13},"end":{"line":12,"column":null}}},"fnMap":{},"branchMap":{},"s":{"0":1,"1":1,"2":1,"3":1},"f":{},"b":{}}
,"D:\\carlos\\proyectos\\TCS-challenge\\frontend\\tcs-challenge\\src\\app\\shared\\components\\options-menu\\options-menu.component.html": {"path":"D:\\carlos\\proyectos\\TCS-challenge\\frontend\\tcs-challenge\\src\\app\\shared\\components\\options-menu\\options-menu.component.html","statementMap":{"0":{"start":{"line":1,"column":0},"end":{"line":1,"column":778}}},"fnMap":{},"branchMap":{},"s":{"0":1},"f":{},"b":{},"_coverageSchema":"1a1c01bbd47fc00a2c39e90264f33305004495a9","hash":"59010ab80617526b6a99a5f5766d004793f348bf"}
,"D:\\carlos\\proyectos\\TCS-challenge\\frontend\\tcs-challenge\\src\\app\\shared\\components\\options-menu\\options-menu.component.ts": {"path":"D:\\carlos\\proyectos\\TCS-challenge\\frontend\\tcs-challenge\\src\\app\\shared\\components\\options-menu\\options-menu.component.ts","statementMap":{"0":{"start":{"line":1,"column":0},"end":{"line":1,"column":94}},"1":{"start":{"line":12,"column":11},"end":{"line":12,"column":16}},"2":{"start":{"line":13,"column":42},"end":{"line":13,"column":44}},"3":{"start":{"line":15,"column":57},"end":{"line":15,"column":59}},"4":{"start":{"line":16,"column":29},"end":{"line":16,"column":55}},"5":{"start":{"line":21,"column":22},"end":{"line":21,"column":44}},"6":{"start":{"line":24,"column":4},"end":{"line":24,"column":28}},"7":{"start":{"line":25,"column":4},"end":{"line":25,"column":31}},"8":{"start":{"line":29,"column":4},"end":{"line":29,"column":43}},"9":{"start":{"line":30,"column":4},"end":{"line":30,"column":24}},"10":{"start":{"line":34,"column":4},"end":{"line":36,"column":5}},"11":{"start":{"line":35,"column":6},"end":{"line":35,"column":26}},"12":{"start":{"line":11,"column":13},"end":{"line":11,"column":33}},"13":{"start":{"line":11,"column":13},"end":{"line":39,"column":null}}},"fnMap":{"0":{"name":"(anonymous_0)","decl":{"start":{"line":21,"column":2},"end":{"line":21,"column":22}},"loc":{"start":{"line":21,"column":44},"end":{"line":21,"column":49}}},"1":{"name":"(anonymous_1)","decl":{"start":{"line":23,"column":2},"end":{"line":23,"column":12}},"loc":{"start":{"line":23,"column":30},"end":{"line":26,"column":3}}},"2":{"name":"(anonymous_2)","decl":{"start":{"line":28,"column":2},"end":{"line":28,"column":10}},"loc":{"start":{"line":28,"column":51},"end":{"line":31,"column":3}}},"3":{"name":"(anonymous_3)","decl":{"start":{"line":33,"column":2},"end":{"line":33,"column":16}},"loc":{"start":{"line":33,"column":34},"end":{"line":37,"column":3}}}},"branchMap":{"0":{"loc":{"start":{"line":34,"column":4},"end":{"line":36,"column":5}},"type":"if","locations":[{"start":{"line":34,"column":4},"end":{"line":36,"column":5}}]}},"s":{"0":1,"1":1,"2":1,"3":1,"4":1,"5":1,"6":0,"7":0,"8":0,"9":0,"10":0,"11":0,"12":1,"13":1},"f":{"0":1,"1":0,"2":0,"3":0},"b":{"0":[0]}}
,"D:\\carlos\\proyectos\\TCS-challenge\\frontend\\tcs-challenge\\src\\environments\\environment.ts": {"path":"D:\\carlos\\proyectos\\TCS-challenge\\frontend\\tcs-challenge\\src\\environments\\environment.ts","statementMap":{"0":{"start":{"line":1,"column":13},"end":{"line":4,"column":2}}},"fnMap":{},"branchMap":{},"s":{"0":3},"f":{},"b":{}}
}
