TN:
SF:src\app\app.component.ts
FN:12,(anonymous_0)
FN:14,(anonymous_1)
FN:16,(anonymous_2)
FN:21,(anonymous_3)
FNF:4
FNH:2
FNDA:2,(anonymous_0)
FNDA:1,(anonymous_1)
FNDA:0,(anonymous_2)
FNDA:0,(anonymous_3)
DA:1,1
DA:2,1
DA:9,1
DA:10,2
DA:12,2
DA:16,1
DA:17,0
DA:22,0
LF:8
LH:6
BRF:0
BRH:0
end_of_record
TN:
SF:src\app\core\services\modal.service.ts
FN:28,(anonymous_0)
FN:31,(anonymous_1)
FN:34,(anonymous_2)
FN:35,(anonymous_3)
FN:40,(anonymous_4)
FN:47,(anonymous_5)
FN:53,(anonymous_6)
FN:58,(anonymous_7)
FN:63,(anonymous_8)
FN:66,(anonymous_9)
FN:67,(anonymous_10)
FNF:11
FNH:1
FNDA:4,(anonymous_0)
FNDA:0,(anonymous_1)
FNDA:0,(anonymous_2)
FNDA:0,(anonymous_3)
FNDA:0,(anonymous_4)
FNDA:0,(anonymous_5)
FNDA:0,(anonymous_6)
FNDA:0,(anonymous_7)
FNDA:0,(anonymous_8)
FNDA:0,(anonymous_9)
FNDA:0,(anonymous_10)
DA:1,5
DA:2,5
DA:3,5
DA:15,5
DA:17,4
DA:18,4
DA:21,4
DA:22,4
DA:24,4
DA:25,4
DA:28,4
DA:32,0
DA:34,0
DA:35,0
DA:36,0
DA:37,0
DA:40,0
DA:41,0
DA:48,0
DA:49,0
DA:54,0
DA:59,0
DA:60,0
DA:64,0
DA:66,0
DA:67,0
DA:68,0
LF:27
LH:11
BRF:0
BRH:0
end_of_record
TN:
SF:src\app\core\services\product.service.ts
FN:18,(anonymous_0)
FN:21,(anonymous_1)
FN:24,(anonymous_2)
FN:31,(anonymous_3)
FN:40,(anonymous_4)
FN:49,(anonymous_5)
FN:58,(anonymous_6)
FN:67,(anonymous_7)
FN:81,(anonymous_8)
FN:85,(anonymous_9)
FN:86,(anonymous_10)
FNF:11
FNH:11
FNDA:10,(anonymous_0)
FNDA:2,(anonymous_1)
FNDA:1,(anonymous_2)
FNDA:2,(anonymous_3)
FNDA:2,(anonymous_4)
FNDA:2,(anonymous_5)
FNDA:2,(anonymous_6)
FNDA:5,(anonymous_7)
FNDA:5,(anonymous_8)
FNDA:10,(anonymous_9)
FNDA:5,(anonymous_10)
DA:1,3
DA:2,3
DA:3,3
DA:4,3
DA:14,3
DA:16,10
DA:18,10
DA:22,2
DA:24,1
DA:32,2
DA:41,2
DA:50,2
DA:59,2
DA:68,5
DA:69,5
DA:71,0
DA:74,5
DA:75,2
DA:77,3
DA:80,5
DA:81,5
DA:86,10
DA:87,5
LF:23
LH:22
BRDA:69,0,0,0
BRDA:69,0,1,5
BRDA:74,1,0,2
BRDA:74,1,1,3
BRDA:87,2,0,5
BRF:5
BRH:4
end_of_record
TN:
SF:src\app\core\validators\date.validators.ts
FN:3,dateReleaseValidator
FN:4,(anonymous_1)
FN:16,dateRevisionValidator
FN:17,(anonymous_3)
FNF:4
FNH:4
FNDA:63,dateReleaseValidator
FNDA:131,(anonymous_1)
FNDA:62,dateRevisionValidator
FNDA:10,(anonymous_3)
DA:3,2
DA:4,63
DA:5,131
DA:6,131
DA:7,13
DA:8,13
DA:9,13
DA:10,13
DA:11,13
DA:12,13
DA:16,2
DA:17,62
DA:18,10
DA:19,10
DA:20,7
DA:21,7
DA:22,7
LF:17
LH:17
BRDA:6,0,0,118
BRDA:12,1,0,3
BRDA:12,1,1,10
BRDA:19,2,0,3
BRDA:22,3,0,4
BRDA:22,3,1,3
BRF:6
BRH:6
end_of_record
TN:
SF:src\app\products\pages\product-form\product-form.component.ts
FN:53,(anonymous_0)
FN:62,(anonymous_1)
FN:75,(anonymous_2)
FN:107,(anonymous_3)
FN:113,(anonymous_4)
FN:114,(anonymous_5)
FN:125,(anonymous_6)
FN:131,(anonymous_7)
FN:138,(anonymous_8)
FN:139,(anonymous_9)
FN:150,(anonymous_10)
FN:153,(anonymous_11)
FN:158,(anonymous_12)
FN:159,(anonymous_13)
FN:171,(anonymous_14)
FN:179,(anonymous_15)
FN:196,(anonymous_16)
FN:197,(anonymous_17)
FN:207,(anonymous_18)
FN:208,(anonymous_19)
FN:216,(anonymous_20)
FN:220,(anonymous_21)
FN:225,(anonymous_22)
FN:239,(anonymous_23)
FN:255,(anonymous_24)
FN:260,(anonymous_25)
FN:263,(anonymous_26)
FNF:27
FNH:22
FNDA:35,(anonymous_0)
FNDA:65,(anonymous_1)
FNDA:63,(anonymous_2)
FNDA:6,(anonymous_3)
FNDA:5,(anonymous_4)
FNDA:3,(anonymous_5)
FNDA:0,(anonymous_6)
FNDA:12,(anonymous_7)
FNDA:58,(anonymous_8)
FNDA:7,(anonymous_9)
FNDA:12,(anonymous_10)
FNDA:5,(anonymous_11)
FNDA:5,(anonymous_12)
FNDA:0,(anonymous_13)
FNDA:12,(anonymous_14)
FNDA:4,(anonymous_15)
FNDA:1,(anonymous_16)
FNDA:1,(anonymous_17)
FNDA:0,(anonymous_18)
FNDA:1,(anonymous_19)
FNDA:1,(anonymous_20)
FNDA:1587,(anonymous_21)
FNDA:21,(anonymous_22)
FNDA:7,(anonymous_23)
FNDA:35,(anonymous_24)
FNDA:0,(anonymous_25)
FNDA:0,(anonymous_26)
DA:1,1
DA:2,1
DA:3,1
DA:4,1
DA:5,1
DA:7,1
DA:8,1
DA:15,1
DA:16,35
DA:18,35
DA:19,35
DA:22,35
DA:54,35
DA:55,35
DA:56,35
DA:57,35
DA:58,35
DA:63,65
DA:64,65
DA:65,65
DA:66,7
DA:67,7
DA:68,2
DA:69,2
DA:72,63
DA:76,63
DA:107,6
DA:110,63
DA:111,5
DA:112,5
DA:114,5
DA:115,5
DA:116,3
DA:119,3
DA:120,3
DA:121,3
DA:123,2
DA:126,0
DA:131,63
DA:132,12
DA:139,58
DA:140,7
DA:141,1
DA:144,6
DA:145,0
DA:148,6
DA:150,12
DA:154,5
DA:155,0
DA:157,5
DA:158,5
DA:160,0
DA:161,0
DA:172,12
DA:173,10
DA:174,10
DA:175,10
DA:180,4
DA:181,3
DA:184,3
DA:190,3
DA:191,2
DA:196,1
DA:198,1
DA:202,1
DA:207,0
DA:209,1
DA:217,1
DA:221,1587
DA:222,1587
DA:226,21
DA:227,21
DA:228,19
DA:229,19
DA:230,19
DA:231,19
DA:232,19
DA:236,2
DA:240,7
DA:241,7
DA:242,7
DA:243,7
DA:245,7
DA:246,7
DA:248,7
DA:249,7
DA:252,7
DA:256,35
DA:257,35
DA:261,0
DA:264,0
LF:91
LH:83
BRDA:65,0,0,7
BRDA:67,1,0,2
BRDA:83,2,0,5
BRDA:83,2,1,58
BRDA:100,3,0,5
BRDA:100,3,1,58
BRDA:105,4,0,5
BRDA:105,4,1,58
BRDA:110,5,0,5
BRDA:115,6,0,3
BRDA:115,6,1,2
BRDA:140,7,0,1
BRDA:140,8,0,7
BRDA:140,8,1,6
BRDA:144,9,0,0
BRDA:154,10,0,0
BRDA:158,11,0,0
BRDA:158,11,1,5
BRDA:172,12,0,10
BRDA:180,13,0,3
BRDA:190,14,0,2
BRDA:190,14,1,1
BRDA:222,15,0,1587
BRDA:222,15,1,1587
BRDA:222,15,2,907
BRDA:222,15,3,902
BRDA:227,16,0,19
BRDA:227,17,0,21
BRDA:227,17,1,21
BRDA:227,17,2,19
BRDA:227,17,3,17
BRDA:231,18,0,19
BRDA:245,19,0,7
BRDA:248,20,0,7
BRF:34
BRH:31
end_of_record
TN:
SF:src\app\products\pages\product-list\product-list.component.ts
FN:24,(anonymous_0)
FN:30,(anonymous_1)
FN:34,(anonymous_2)
FN:41,(anonymous_3)
FN:46,(anonymous_4)
FN:53,(anonymous_5)
FN:55,(anonymous_6)
FN:63,(anonymous_7)
FN:67,(anonymous_8)
FN:71,(anonymous_9)
FN:77,(anonymous_10)
FN:78,(anonymous_11)
FN:84,(anonymous_12)
FN:94,(anonymous_13)
FN:102,(anonymous_14)
FNF:15
FNH:14
FNDA:9,(anonymous_0)
FNDA:11,(anonymous_1)
FNDA:12,(anonymous_2)
FNDA:11,(anonymous_3)
FNDA:1,(anonymous_4)
FNDA:13,(anonymous_5)
FNDA:39,(anonymous_6)
FNDA:1,(anonymous_7)
FNDA:1,(anonymous_8)
FNDA:1,(anonymous_9)
FNDA:1,(anonymous_10)
FNDA:0,(anonymous_11)
FNDA:1,(anonymous_12)
FNDA:2,(anonymous_13)
FNDA:9,(anonymous_14)
DA:1,1
DA:3,1
DA:4,1
DA:5,1
DA:6,1
DA:13,1
DA:14,9
DA:15,9
DA:16,9
DA:17,9
DA:18,9
DA:19,9
DA:22,9
DA:25,9
DA:26,9
DA:27,9
DA:31,11
DA:35,12
DA:36,12
DA:42,11
DA:43,11
DA:44,11
DA:47,1
DA:48,1
DA:55,13
DA:56,39
DA:60,13
DA:64,1
DA:68,1
DA:72,1
DA:77,1
DA:79,0
DA:85,1
DA:89,9
DA:95,2
DA:96,1
DA:97,1
DA:98,1
DA:103,9
DA:104,9
LF:40
LH:39
BRDA:56,0,0,39
BRDA:56,0,1,0
BRDA:95,1,0,1
BRDA:95,1,1,1
BRDA:97,2,0,1
BRF:5
BRH:4
end_of_record
TN:
SF:src\app\shared\components\confirmation-modal\confirmation-modal.component.ts
FN:18,(anonymous_0)
FN:20,(anonymous_1)
FN:21,(anonymous_2)
FN:32,(anonymous_3)
FN:38,(anonymous_4)
FN:42,(anonymous_5)
FNF:6
FNH:3
FNDA:1,(anonymous_0)
FNDA:1,(anonymous_1)
FNDA:0,(anonymous_2)
FNDA:1,(anonymous_3)
FNDA:0,(anonymous_4)
FNDA:0,(anonymous_5)
DA:1,1
DA:3,1
DA:10,1
DA:11,1
DA:12,1
DA:13,1
DA:16,1
DA:18,1
DA:21,1
DA:22,0
DA:23,0
DA:24,0
DA:25,0
DA:27,0
DA:33,1
DA:34,1
DA:39,0
DA:43,0
DA:44,0
LF:19
LH:11
BRDA:22,0,0,0
BRDA:22,0,1,0
BRDA:33,1,0,1
BRF:3
BRH:1
end_of_record
TN:
SF:src\app\shared\components\error-modal\error-modal.component.ts
FN:12,(anonymous_0)
FNF:1
FNH:0
FNDA:0,(anonymous_0)
DA:1,1
DA:8,1
DA:10,1
DA:13,0
LF:4
LH:3
BRF:0
BRH:0
end_of_record
TN:
SF:src\app\shared\components\header\header.component.ts
FNF:0
FNH:0
DA:1,1
DA:8,1
DA:10,1
LF:3
LH:3
BRF:0
BRH:0
end_of_record
TN:
SF:src\app\shared\components\options-menu\options-menu.component.ts
FN:21,(anonymous_0)
FN:23,(anonymous_1)
FN:28,(anonymous_2)
FN:33,(anonymous_3)
FNF:4
FNH:1
FNDA:1,(anonymous_0)
FNDA:0,(anonymous_1)
FNDA:0,(anonymous_2)
FNDA:0,(anonymous_3)
DA:1,1
DA:11,1
DA:12,1
DA:13,1
DA:15,1
DA:16,1
DA:21,1
DA:24,0
DA:25,0
DA:29,0
DA:30,0
DA:34,0
DA:35,0
LF:13
LH:7
BRDA:34,0,0,0
BRF:1
BRH:0
end_of_record
